<?xml version="1.0" encoding="UTF-8"?>
<!-- Generated by org.testng.reporters.JUnitReportReporter -->
<testsuite skipped="0" hostname="Lav" name="way2SmsLogin.Test1" tests="4" failures="0" timestamp="22 Jun 2018 18:09:11 GMT" time="78.365" errors="0">
  <testcase name="launch" time="40.878" classname="way2SmsLogin.Test1"/>
  <testcase name="login" time="32.016" classname="way2SmsLogin.Test1"/>
  <testcase name="validateTitle" time="0.064" classname="way2SmsLogin.Test1"/>
  <testcase name="closeBrowser" time="5.407" classname="way2SmsLogin.Test1"/>
</testsuite> <!-- way2SmsLogin.Test1 -->
