<?xml version="1.0" encoding="UTF-8"?>
<!-- Generated by org.testng.reporters.JUnitReportReporter -->
<testsuite skipped="0" hostname="Lav" name="way2SmsLogin.Test2" tests="1" failures="0" timestamp="22 Jun 2018 18:09:11 GMT" time="16.549" errors="0">
  <testcase name="launchGoogle" time="16.549" classname="way2SmsLogin.Test2"/>
</testsuite> <!-- way2SmsLogin.Test2 -->
